<?xml version="1.0" encoding="UTF-8"?>
<!-- Generated by org.testng.reporters.JUnitReportReporter -->
<testsuite hostname="DESKTOP-K09HSR0" name="com.kambaa.tanhoda.loginpagetest.Loginsuccessful" tests="2" failures="0" timestamp="11 Jun 2019 08:10:27 GMT" time="68.802" errors="0">
  <testcase name="Loginunsuccessful" time="32.038" classname="com.kambaa.tanhoda.loginpagetest.Loginsuccessful"/>
  <testcase name="Loginsuccess" time="36.764" classname="com.kambaa.tanhoda.loginpagetest.Loginsuccessful"/>
</testsuite> <!-- com.kambaa.tanhoda.loginpagetest.Loginsuccessful -->
