<?xml version="1.0" encoding="UTF-8"?>
<!-- Generated by org.testng.reporters.JUnitReportReporter -->
<testsuite hostname="DESKTOP-K09HSR0" name="com.kambaa.tanhoda.newregisterationtest.NewregisterationpageTest" tests="1" failures="0" timestamp="10 Jun 2019 07:55:08 GMT" time="172.638" errors="0">
  <testcase name="registersuccessful" time="172.638" classname="com.kambaa.tanhoda.newregisterationtest.NewregisterationpageTest"/>
</testsuite> <!-- com.kambaa.tanhoda.newregisterationtest.NewregisterationpageTest -->
